\BOOKMARK [0][-]{chapter*.1}{Acknowledgements}{}% 1
\BOOKMARK [0][-]{chapter*.2}{Abstract}{}% 2
\BOOKMARK [0][-]{section*.3}{Contents}{}% 3
\BOOKMARK [0][-]{section*.4}{List of Figures}{}% 4
\BOOKMARK [0][-]{section*.5}{List of Tables}{}% 5
\BOOKMARK [0][-]{chapter*.6}{Publications}{}% 6
\BOOKMARK [-1][-]{part.1}{Introduction \046 Background}{}% 7
\BOOKMARK [0][-]{chapter.1}{Introduction}{part.1}% 8
\BOOKMARK [1][-]{section.1.1}{Motivation}{chapter.1}% 9
\BOOKMARK [1][-]{section.1.2}{Research Narrative}{chapter.1}% 10
\BOOKMARK [1][-]{section.1.3}{Hypotheses}{chapter.1}% 11
\BOOKMARK [1][-]{section.1.4}{Approach}{chapter.1}% 12
\BOOKMARK [1][-]{section.1.5}{Organization}{chapter.1}% 13
\BOOKMARK [0][-]{chapter.2}{Background}{part.1}% 14
\BOOKMARK [1][-]{section.2.1}{Photochemistry on Semiconductor Surfaces}{chapter.2}% 15
\BOOKMARK [1][-]{section.2.2}{Charged Interfaces and Surfaces}{chapter.2}% 16
\BOOKMARK [1][-]{section.2.3}{Epitaxy}{chapter.2}% 17
\BOOKMARK [1][-]{section.2.4}{Crystallography}{chapter.2}% 18
\BOOKMARK [0][-]{chapter.3}{Experimental Overview}{part.1}% 19
\BOOKMARK [1][-]{section.3.1}{Fabrication Methods}{chapter.3}% 20
\BOOKMARK [1][-]{section.3.2}{Characterization Methods}{chapter.3}% 21
\BOOKMARK [-1][-]{part.2}{Experiments on Photochemical Activity}{}% 22
\BOOKMARK [0][-]{chapter.4}{Orientation Dependent Hematite Reactivity}{part.2}% 23
\BOOKMARK [1][-]{section.4.1}{Experimental Details}{chapter.4}% 24
\BOOKMARK [1][-]{section.4.2}{Results}{chapter.4}% 25
\BOOKMARK [1][-]{section.4.3}{Discussion}{chapter.4}% 26
\BOOKMARK [1][-]{section.4.4}{Conclusions and Context}{chapter.4}% 27
\BOOKMARK [0][-]{chapter.5}{Hematite Reactivity on Single Crystal Substrates}{part.2}% 28
\BOOKMARK [1][-]{section.5.1}{Experimental Details}{chapter.5}% 29
\BOOKMARK [1][-]{section.5.2}{Results}{chapter.5}% 30
\BOOKMARK [1][-]{section.5.3}{Discussion}{chapter.5}% 31
\BOOKMARK [1][-]{section.5.4}{Conclusions}{chapter.5}% 32
\BOOKMARK [0][-]{chapter.6}{Hematite Film Reactivity on Polycrystalline Substrates}{part.2}% 33
\BOOKMARK [1][-]{section.6.1}{Experimental Details}{chapter.6}% 34
\BOOKMARK [1][-]{section.6.2}{Results}{chapter.6}% 35
\BOOKMARK [1][-]{section.6.3}{Discussion}{chapter.6}% 36
\BOOKMARK [1][-]{section.6.4}{Conclusions}{chapter.6}% 37
\BOOKMARK [-1][-]{part.3}{Experiments on Film Growth}{}% 38
\BOOKMARK [0][-]{chapter.7}{Hematite Film Growth on Single Crystal Substrates}{part.3}% 39
\BOOKMARK [1][-]{section.7.1}{Film Growth on Strontium Titanate \(111\) Substrates}{chapter.7}% 40
\BOOKMARK [1][-]{section.7.2}{Film Growth on Strontium Titanate \(001\) Substrates}{chapter.7}% 41
\BOOKMARK [1][-]{section.7.3}{Conclusions}{chapter.7}% 42
\BOOKMARK [0][-]{chapter.8}{Hematite Film Growth on Polycrystalline Substrates}{part.3}% 43
\BOOKMARK [1][-]{section.8.1}{Film Growth and Orientation Data Collection}{chapter.8}% 44
\BOOKMARK [1][-]{section.8.2}{Orientation Relationship Analysis}{chapter.8}% 45
\BOOKMARK [1][-]{section.8.3}{Discussion}{chapter.8}% 46
\BOOKMARK [1][-]{section.8.4}{Conclusion}{chapter.8}% 47
\BOOKMARK [-1][-]{part.4}{Experiments on Bismuth Ferrite}{}% 48
\BOOKMARK [0][-]{chapter.9}{Photochemical Reactivity of Bismuth Ferrite Ceramics}{part.4}% 49
\BOOKMARK [1][-]{section.9.1}{Background}{chapter.9}% 50
\BOOKMARK [1][-]{section.9.2}{Experimental Details}{chapter.9}% 51
\BOOKMARK [1][-]{section.9.3}{Results}{chapter.9}% 52
\BOOKMARK [1][-]{section.9.4}{Discussion}{chapter.9}% 53
\BOOKMARK [1][-]{section.9.5}{Conclusion}{chapter.9}% 54
\BOOKMARK [-1][-]{part.5}{Summary, Conclusions, \046 Future Paths}{}% 55
\BOOKMARK [0][-]{chapter.10}{Conclusions \046 Future Work}{part.5}% 56
\BOOKMARK [1][-]{section.10.1}{Summary of Photochemical Activity Results}{chapter.10}% 57
\BOOKMARK [1][-]{section.10.2}{Summary of Film Growth Results}{chapter.10}% 58
\BOOKMARK [1][-]{section.10.3}{Summary of Bismuth Ferrite Results}{chapter.10}% 59
\BOOKMARK [1][-]{section.10.4}{Future Paths}{chapter.10}% 60
\BOOKMARK [0][-]{section*.87}{References}{part.5}% 61
\BOOKMARK [0][-]{section*.88}{Colophon}{part.5}% 62
